<?xml version="1.0" encoding="UTF-8"?>
<!-- Generated by org.testng.reporters.JUnitReportReporter -->
<testsuite hostname="DESKTOP-P577LMI" failures="0" tests="2" name="testCases.Test1" time="0.231" errors="0" timestamp="2023-12-07T19:44:54 IST" skipped="0">
  <testcase classname="testCases.Test1" name="verifyTitle" time="0.173"/>
  <testcase classname="testCases.Test1" name="verifyURL" time="0.058"/>
</testsuite> <!-- testCases.Test1 -->
